This is pdfTeX, Version 3.14159265-2.6-1.40.20 (MiKTeX 2.9.6970) (preloaded format=pdflatex 2019.4.29)  7 DEC 2022 22:45
entering extended mode
**./LN-mst.tex
(LN-mst.tex
LaTeX2e <2018-12-01>

("/Users/ltoma/Library/Application Support/MiKTeX/texmfs/install/tex/latex/base
/article.cls"
Document Class: article 2018/09/03 v1.4i Standard LaTeX document class

("/Users/ltoma/Library/Application Support/MiKTeX/texmfs/install/tex/latex/base
/size11.clo"
File: size11.clo 2018/09/03 v1.4i Standard LaTeX file (size option)
)
\c@part=\count80
\c@section=\count81
\c@subsection=\count82
\c@subsubsection=\count83
\c@paragraph=\count84
\c@subparagraph=\count85
\c@figure=\count86
\c@table=\count87
\abovecaptionskip=\skip41
\belowcaptionskip=\skip42
\bibindent=\dimen102
)
("/Users/ltoma/Library/Application Support/MiKTeX/texmfs/install/tex/latex/prep
rint/fullpage.sty"
Package: fullpage 1999/02/23 1.1 (PWD)
\FP@margin=\skip43
)
("/Users/ltoma/Library/Application Support/MiKTeX/texmfs/install/tex/latex/grap
hics/graphicx.sty"
Package: graphicx 2017/06/01 v1.1a Enhanced LaTeX Graphics (DPC,SPQR)

("/Users/ltoma/Library/Application Support/MiKTeX/texmfs/install/tex/latex/grap
hics/keyval.sty"
Package: keyval 2014/10/28 v1.15 key=value parser (DPC)
\KV@toks@=\toks14
)
("/Users/ltoma/Library/Application Support/MiKTeX/texmfs/install/tex/latex/grap
hics/graphics.sty"
Package: graphics 2017/06/25 v1.2c Standard LaTeX Graphics (DPC,SPQR)

("/Users/ltoma/Library/Application Support/MiKTeX/texmfs/install/tex/latex/grap
hics/trig.sty"
Package: trig 2016/01/03 v1.10 sin cos tan (DPC)
)
("/Users/ltoma/Library/Application Support/MiKTeX/texmfs/install/tex/latex/grap
hics-cfg/graphics.cfg"
File: graphics.cfg 2016/06/04 v1.11 sample graphics configuration
)
Package graphics Info: Driver file: pdftex.def on input line 99.

("/Users/ltoma/Library/Application Support/MiKTeX/texmfs/install/tex/latex/grap
hics-def/pdftex.def"
File: pdftex.def 2018/01/08 v1.0l Graphics/color driver for pdftex
))
\Gin@req@height=\dimen103
\Gin@req@width=\dimen104
)
("/Users/ltoma/Library/Application Support/MiKTeX/texmfs/install/tex/latex/grap
hics/epsfig.sty"
Package: epsfig 2017/06/25 v1.7b (e)psfig emulation (SPQR)
\epsfxsize=\dimen105
\epsfysize=\dimen106
)
("/Users/ltoma/Library/Application Support/MiKTeX/texmfs/install/tex/latex/grap
hics/color.sty"
Package: color 2016/07/10 v1.1e Standard LaTeX Color (DPC)

("/Users/ltoma/Library/Application Support/MiKTeX/texmfs/install/tex/latex/grap
hics-cfg/color.cfg"
File: color.cfg 2016/01/02 v1.6 sample color configuration
)
Package color Info: Driver file: pdftex.def on input line 147.
)
("/Users/ltoma/Library/Application Support/MiKTeX/texmfs/install/tex/latex/amsf
onts/amssymb.sty"
Package: amssymb 2013/01/14 v3.01 AMS font symbols

("/Users/ltoma/Library/Application Support/MiKTeX/texmfs/install/tex/latex/amsf
onts/amsfonts.sty"
Package: amsfonts 2013/01/14 v3.01 Basic AMSFonts support
\@emptytoks=\toks15
\symAMSa=\mathgroup4
\symAMSb=\mathgroup5
LaTeX Font Info:    Overwriting math alphabet `\mathfrak' in version `bold'
(Font)                  U/euf/m/n --> U/euf/b/n on input line 106.
))
("/Users/ltoma/Library/Application Support/MiKTeX/texmfs/install/tex/latex/xcol
or/xcolor.sty"
Package: xcolor 2016/05/11 v2.12 LaTeX color extensions (UK)

("/Users/ltoma/Library/Application Support/MiKTeX/texmfs/install/tex/latex/grap
hics-cfg/color.cfg"
File: color.cfg 2016/01/02 v1.6 sample color configuration
)
Package xcolor Info: Driver file: pdftex.def on input line 225.
LaTeX Info: Redefining \color on input line 709.
Package xcolor Info: Model `cmy' substituted by `cmy0' on input line 1348.
Package xcolor Info: Model `hsb' substituted by `rgb' on input line 1352.
Package xcolor Info: Model `RGB' extended on input line 1364.
Package xcolor Info: Model `HTML' substituted by `rgb' on input line 1366.
Package xcolor Info: Model `Hsb' substituted by `hsb' on input line 1367.
Package xcolor Info: Model `tHsb' substituted by `hsb' on input line 1368.
Package xcolor Info: Model `HSB' substituted by `hsb' on input line 1369.
Package xcolor Info: Model `Gray' substituted by `gray' on input line 1370.
Package xcolor Info: Model `wave' substituted by `hsb' on input line 1371.
) (clrscode3e.sty
Package: clrscode3e 
\c@codelinenumber=\count88
\c@indent=\count89
\digitwidth=\skip44
\savecode=\box27
\codeboxwidth=\skip45
\c@thisindent=\count90
)
("/Users/ltoma/Library/Application Support/MiKTeX/texmfs/install/tex/latex/fanc
yhdr/fancyhdr.sty"
Package: fancyhdr 2019/01/31 v3.10 Extensive control of page headers and footer
s
\f@nch@headwidth=\skip46
\f@nch@O@elh=\skip47
\f@nch@O@erh=\skip48
\f@nch@O@olh=\skip49
\f@nch@O@orh=\skip50
\f@nch@O@elf=\skip51
\f@nch@O@erf=\skip52
\f@nch@O@olf=\skip53
\f@nch@O@orf=\skip54
) (LN-mst.aux)
\openout1 = `LN-mst.aux'.

LaTeX Font Info:    Checking defaults for OML/cmm/m/it on input line 32.
LaTeX Font Info:    ... okay on input line 32.
LaTeX Font Info:    Checking defaults for T1/cmr/m/n on input line 32.
LaTeX Font Info:    ... okay on input line 32.
LaTeX Font Info:    Checking defaults for OT1/cmr/m/n on input line 32.
LaTeX Font Info:    ... okay on input line 32.
LaTeX Font Info:    Checking defaults for OMS/cmsy/m/n on input line 32.
LaTeX Font Info:    ... okay on input line 32.
LaTeX Font Info:    Checking defaults for OMX/cmex/m/n on input line 32.
LaTeX Font Info:    ... okay on input line 32.
LaTeX Font Info:    Checking defaults for U/cmr/m/n on input line 32.
LaTeX Font Info:    ... okay on input line 32.

("/Users/ltoma/Library/Application Support/MiKTeX/texmfs/install/tex/context/ba
se/mkii/supp-pdf.mkii"
[Loading MPS to PDF converter (version 2006.09.02).]
\scratchcounter=\count91
\scratchdimen=\dimen107
\scratchbox=\box28
\nofMPsegments=\count92
\nofMParguments=\count93
\everyMPshowfont=\toks16
\MPscratchCnt=\count94
\MPscratchDim=\dimen108
\MPnumerator=\count95
\makeMPintoPDFobject=\count96
\everyMPtoPDFconversion=\toks17
)
("/Users/ltoma/Library/Application Support/MiKTeX/texmfs/install/tex/latex/ober
diek/epstopdf-base.sty"
Package: epstopdf-base 2016/05/15 v2.6 Base part for package epstopdf

("/Users/ltoma/Library/Application Support/MiKTeX/texmfs/install/tex/generic/ob
erdiek/infwarerr.sty"
Package: infwarerr 2016/05/16 v1.4 Providing info/warning/error messages (HO)
)
("/Users/ltoma/Library/Application Support/MiKTeX/texmfs/install/tex/latex/ober
diek/grfext.sty"
Package: grfext 2016/05/16 v1.2 Manage graphics extensions (HO)

("/Users/ltoma/Library/Application Support/MiKTeX/texmfs/install/tex/generic/ob
erdiek/kvdefinekeys.sty"
Package: kvdefinekeys 2016/05/16 v1.4 Define keys (HO)

("/Users/ltoma/Library/Application Support/MiKTeX/texmfs/install/tex/generic/ob
erdiek/ltxcmds.sty"
Package: ltxcmds 2016/05/16 v1.23 LaTeX kernel commands for general use (HO)
)))
("/Users/ltoma/Library/Application Support/MiKTeX/texmfs/install/tex/latex/ober
diek/kvoptions.sty"
Package: kvoptions 2016/05/16 v3.12 Key value format for package options (HO)

("/Users/ltoma/Library/Application Support/MiKTeX/texmfs/install/tex/generic/ob
erdiek/kvsetkeys.sty"
Package: kvsetkeys 2016/05/16 v1.17 Key value parser (HO)

("/Users/ltoma/Library/Application Support/MiKTeX/texmfs/install/tex/generic/ob
erdiek/etexcmds.sty"
Package: etexcmds 2016/05/16 v1.6 Avoid name clashes with e-TeX commands (HO)

("/Users/ltoma/Library/Application Support/MiKTeX/texmfs/install/tex/generic/ob
erdiek/ifluatex.sty"
Package: ifluatex 2016/05/16 v1.4 Provides the ifluatex switch (HO)
Package ifluatex Info: LuaTeX not detected.
))))
("/Users/ltoma/Library/Application Support/MiKTeX/texmfs/install/tex/generic/ob
erdiek/pdftexcmds.sty"
Package: pdftexcmds 2018/09/10 v0.29 Utility functions of pdfTeX for LuaTeX (HO
)

("/Users/ltoma/Library/Application Support/MiKTeX/texmfs/install/tex/generic/ob
erdiek/ifpdf.sty"
Package: ifpdf 2018/09/07 v3.3 Provides the ifpdf switch
)
Package pdftexcmds Info: LuaTeX not detected.
Package pdftexcmds Info: \pdf@primitive is available.
Package pdftexcmds Info: \pdf@ifprimitive is available.
Package pdftexcmds Info: \pdfdraftmode found.
)
Package epstopdf-base Info: Redefining graphics rule for `.eps' on input line 4
38.
Package grfext Info: Graphics extension search list:
(grfext)             [.pdf,.png,.jpg,.mps,.jpeg,.jbig2,.jb2,.PDF,.PNG,.JPG,.JPE
G,.JBIG2,.JB2,.eps]
(grfext)             \AppendGraphicsExtensions on input line 456.
)
LaTeX Font Info:    Try loading font information for U+msa on input line 39.

("/Users/ltoma/Library/Application Support/MiKTeX/texmfs/install/tex/latex/amsf
onts/umsa.fd"
File: umsa.fd 2013/01/14 v3.01 AMS symbols A
)
LaTeX Font Info:    Try loading font information for U+msb on input line 39.

("/Users/ltoma/Library/Application Support/MiKTeX/texmfs/install/tex/latex/amsf
onts/umsb.fd"
File: umsb.fd 2013/01/14 v3.01 AMS symbols B
)

LaTeX Warning: No \author given.

<figure-mst_example.pdf, id=1, 345.29pt x 137.51375pt>
File: figure-mst_example.pdf Graphic file (type pdf)
<use figure-mst_example.pdf>
Package pdftex.def Info: figure-mst_example.pdf  used on input line 78.
(pdftex.def)             Requested size: 214.33574pt x 85.35826pt.
LaTeX Font Info:    Try loading font information for OMS+cmr on input line 80.

("/Users/ltoma/Library/Application Support/MiKTeX/texmfs/install/tex/latex/base
/omscmr.fd"
File: omscmr.fd 2014/09/29 v2.5h Standard LaTeX font definitions
)
LaTeX Font Info:    Font shape `OMS/cmr/m/n' in size <10.95> not available
(Font)              Font shape `OMS/cmsy/m/n' tried instead on input line 80.
 [1

{/Users/ltoma/Library/Application Support/MiKTeX/texmfs/data/pdftex/config/pdft
ex.map} <./figure-mst_example.pdf>]
Overfull \hbox (9.28905pt too wide) in paragraph at lines 137--138
[][] 
 []

[2] [3]
LaTeX Font Info:    Font shape `OT1/cmtt/bx/n' in size <10.95> not available
(Font)              Font shape `OT1/cmtt/m/n' tried instead on input line 314.

Underfull \hbox (badness 10000) in paragraph at lines 320--322

 []

<figure-mst_prim_1.pdf, id=25, 706.64pt x 346.29375pt>
File: figure-mst_prim_1.pdf Graphic file (type pdf)
<use figure-mst_prim_1.pdf>
Package pdftex.def Info: figure-mst_prim_1.pdf  used on input line 323.
(pdftex.def)             Requested size: 348.37pt x 170.71652pt.
<figure-mst_prim_2.pdf, id=26, 706.64pt x 364.36125pt>
File: figure-mst_prim_2.pdf Graphic file (type pdf)
<use figure-mst_prim_2.pdf>
Package pdftex.def Info: figure-mst_prim_2.pdf  used on input line 324.
(pdftex.def)             Requested size: 331.08572pt x 170.71652pt.
[4] [5 <./figure-mst_prim_1.pdf> <./figure-mst_prim_2.pdf>]
<figure-mst_kruskal_1.pdf, id=41, 706.64pt x 346.29375pt>
File: figure-mst_kruskal_1.pdf Graphic file (type pdf)
<use figure-mst_kruskal_1.pdf>
Package pdftex.def Info: figure-mst_kruskal_1.pdf  used on input line 354.
(pdftex.def)             Requested size: 348.37pt x 170.71652pt.
<figure-mst_kruskal_2.pdf, id=42, 706.64pt x 346.29375pt>
File: figure-mst_kruskal_2.pdf Graphic file (type pdf)
<use figure-mst_kruskal_2.pdf>
Package pdftex.def Info: figure-mst_kruskal_2.pdf  used on input line 355.
(pdftex.def)             Requested size: 348.37pt x 170.71652pt.

Underfull \hbox (badness 10000) in paragraph at lines 353--356

 []


Underfull \hbox (badness 10000) in paragraph at lines 353--356

 []


Underfull \hbox (badness 10000) in paragraph at lines 353--356

 []

[6 <./figure-mst_kruskal_1.pdf> <./figure-mst_kruskal_2.pdf>]
Underfull \hbox (badness 10000) in paragraph at lines 398--398

 []


Overfull \hbox (0.82922pt too wide) in paragraph at lines 406--412
\OT1/cmr/m/sc/10.95 Set \OT1/cmr/m/n/10.95 take $\OML/cmm/m/it/10.95 O\OT1/cmr/
m/n/10.95 (1)$ time and \OT1/cmr/m/sc/10.95 Union-Set \OT1/cmr/m/n/10.95 takes 
$\OML/cmm/m/it/10.95 O\OT1/cmr/m/n/10.95 ([] \OML/cmm/m/it/10.95 V\OT1/cmr/m/n/
10.95 )$ time amortized. With this implementation
 []


Overfull \hbox (22.54787pt too wide) in paragraph at lines 406--412
\OT1/cmr/m/n/10.95 Kruskal's algorithm runs in time $\OML/cmm/m/it/10.95 O\OT1/
cmr/m/n/10.95 (\OMS/cmsy/m/n/10.95 j\OML/cmm/m/it/10.95 E\OMS/cmsy/m/n/10.95 j 
[] j\OML/cmm/m/it/10.95 E\OMS/cmsy/m/n/10.95 j \OT1/cmr/m/n/10.95 + \OMS/cmsy/m
/n/10.95 j\OML/cmm/m/it/10.95 V\OMS/cmsy/m/n/10.95 j [] j\OML/cmm/m/it/10.95 V\
OMS/cmsy/m/n/10.95 j\OT1/cmr/m/n/10.95 ) = \OML/cmm/m/it/10.95 O\OT1/cmr/m/n/10
.95 ((\OMS/cmsy/m/n/10.95 j\OML/cmm/m/it/10.95 E\OMS/cmsy/m/n/10.95 j \OT1/cmr/
m/n/10.95 + \OMS/cmsy/m/n/10.95 j\OML/cmm/m/it/10.95 V\OMS/cmsy/m/n/10.95 j\OT1
/cmr/m/n/10.95 ) [] \OMS/cmsy/m/n/10.95 j\OML/cmm/m/it/10.95 E\OMS/cmsy/m/n/10.
95 j\OT1/cmr/m/n/10.95 ) = \OML/cmm/m/it/10.95 O\OT1/cmr/m/n/10.95 (\OMS/cmsy/m
/n/10.95 j\OML/cmm/m/it/10.95 E\OMS/cmsy/m/n/10.95 j [] j\OML/cmm/m/it/10.95 V\
OMS/cmsy/m/n/10.95 j\OT1/cmr/m/n/10.95 )$
 []

[7]
Underfull \hbox (badness 10000) in paragraph at lines 437--441

 []

<figure-union-find_linked.pdf, id=56, 580.1675pt x 215.80624pt>
File: figure-union-find_linked.pdf Graphic file (type pdf)
<use figure-union-find_linked.pdf>
Package pdftex.def Info: figure-union-find_linked.pdf  used on input line 442.
(pdftex.def)             Requested size: 382.46909pt x 142.26378pt.
[8 <./figure-union-find_linked.pdf>]
Overfull \hbox (1.12495pt too wide) in paragraph at lines 546--548
[]\OT1/cmr/m/n/10.95 An MST algorithm that runs in deterministic $\OML/cmm/m/it
/10.95 O\OT1/cmr/m/n/10.95 (\OML/cmm/m/it/10.95 V \OT1/cmr/m/n/10.95 + \OML/cmm
/m/it/10.95 E\OT1/cmr/m/n/10.95 )$ time and without making any assumption
 []

[9] (LN-mst.aux) ) 
Here is how much of TeX's memory you used:
 2541 strings out of 494860
 36490 string characters out of 3176577
 98100 words of memory out of 3000000
 6153 multiletter control sequences out of 15000+200000
 12474 words of font info for 47 fonts, out of 3000000 for 9000
 0 hyphenation exceptions out of 8191
 41i,11n,43p,275b,314s stack positions out of 5000i,500n,10000p,200000b,50000s
</Users/ltoma/Library/Application Support/MiKTeX/texmfs/insta
ll/fonts/type1/public/amsfonts/cm/cmbx10.pfb></Users/ltoma/Library/Application 
Support/MiKTeX/texmfs/install/fonts/type1/public/amsfonts/cm/cmbx12.pfb></Users
/ltoma/Library/Application Support/MiKTeX/texmfs/install/fonts/type1/public/ams
fonts/cm/cmcsc10.pfb></Users/ltoma/Library/Application Support/MiKTeX/texmfs/in
stall/fonts/type1/public/amsfonts/cm/cmex10.pfb></Users/ltoma/Library/Applicati
on Support/MiKTeX/texmfs/install/fonts/type1/public/amsfonts/cm/cmmi10.pfb></Us
ers/ltoma/Library/Application Support/MiKTeX/texmfs/install/fonts/type1/public/
amsfonts/cm/cmmi8.pfb></Users/ltoma/Library/Application Support/MiKTeX/texmfs/i
nstall/fonts/type1/public/amsfonts/cm/cmr10.pfb></Users/ltoma/Library/Applicati
on Support/MiKTeX/texmfs/install/fonts/type1/public/amsfonts/cm/cmr8.pfb></User
s/ltoma/Library/Application Support/MiKTeX/texmfs/install/fonts/type1/public/am
sfonts/cm/cmsy10.pfb></Users/ltoma/Library/Application Support/MiKTeX/texmfs/in
stall/fonts/type1/public/amsfonts/cm/cmsy8.pfb></Users/ltoma/Library/Applicatio
n Support/MiKTeX/texmfs/install/fonts/type1/public/amsfonts/cm/cmti10.pfb></Use
rs/ltoma/Library/Application Support/MiKTeX/texmfs/install/fonts/type1/public/a
msfonts/cm/cmtt10.pfb>
Output written on LN-mst.pdf (9 pages, 194432 bytes).
PDF statistics:
 104 PDF objects out of 1000 (max. 8388607)
 0 named destinations out of 1000 (max. 500000)
 31 words of extra memory for PDF output out of 10000 (max. 10000000)

